 App · Looking for Quasar App Extension "serve" command "dist/spa"
 App · ⚠️  Quasar App Extension "serve" is missing...

  ___                             
 / _ \ _   _  __ _ ___  __ _ _ __ 
| | | | | | |/ _` / __|/ _` | '__|
| |_| | |_| | (_| \__ \ (_| | |   
 \__\_\\__,_|\__,_|___/\__,_|_|   
 

  Running @quasar/app v2.0.1

  Example usage
    $ quasar <command> <options>

  Help for a command
    $ quasar <command> --help
    $ quasar <command> -h

  Options
    --version, -v Print Quasar App CLI version

  Commands
    dev, d        Start a dev server for your App
    build, b      Build your app for production
    clean, c      Clean all build artifacts
    new, n        Quickly scaffold page/layout/component/... vue file
    mode, m       Add/remove Quasar Modes for your App
    inspect       Inspect generated Webpack config
    ext, e        Manage Quasar App Extensions
    run, r        Run specific command provided by an installed
                    Quasar App Extension
    describe      Describe a Quasar API (component)
    test, t       Run @quasar/testing App Extension command
                    - requires @quasar/testing App Extension to be installed
                    - this is an alias command for convenience purposes
    info, i       Display info about your machine and your App
    help, h       Displays this message

  If the specified command is not found, then "quasar run"
  will be executed with the provided arguments.

